<?xml version="1.0" encoding="UTF-8"?>
<testsuite name="starter.CucumberTestSuite" tests="0" skipped="0" failures="0" errors="0" timestamp="1970-01-01T00:00:00" hostname="DESKTOP-7658FGJ" time="0.0">
  <properties/>
  <system-out><![CDATA[11:13:14.094 [Test worker] DEBUG net.thucydides.core.util.PropertiesFileLocalPreferences - webdriver.driver=chrome
11:13:14.097 [Test worker] DEBUG net.thucydides.core.util.PropertiesFileLocalPreferences - environments.dev.webdriver.base.url=http://wmu1.realpageaim.net
11:13:14.097 [Test worker] DEBUG net.thucydides.core.util.PropertiesFileLocalPreferences - drivers.windows.webdriver.chrome.driver=src/test/resources/webdriver/windows/chromedriver.exe
11:13:14.097 [Test worker] DEBUG net.thucydides.core.util.PropertiesFileLocalPreferences - drivers.linux.webdriver.gecko.driver=src/test/resources/webdriver/linux/geckodriver
11:13:14.097 [Test worker] DEBUG net.thucydides.core.util.PropertiesFileLocalPreferences - environments.staging.webdriver.base.url=http://wmu1.realpageaim.net
11:13:14.097 [Test worker] DEBUG net.thucydides.core.util.PropertiesFileLocalPreferences - environments.default.webdriver.base.url=http://wmu1.realpageaim.net
11:13:14.098 [Test worker] DEBUG net.thucydides.core.util.PropertiesFileLocalPreferences - chrome.capabilities.unexpectedAlertBehaviour=ignore
11:13:14.098 [Test worker] DEBUG net.thucydides.core.util.PropertiesFileLocalPreferences - drivers.linux.webdriver.chrome.driver=src/test/resources/webdriver/linux/chromedriver
11:13:14.098 [Test worker] DEBUG net.thucydides.core.util.PropertiesFileLocalPreferences - drivers.mac.webdriver.gecko.driver=src/test/resources/webdriver/mac/geckodriver
11:13:14.098 [Test worker] DEBUG net.thucydides.core.util.PropertiesFileLocalPreferences - drivers.windows.webdriver.gecko.driver=src/test/resources/webdriver/windows/geckodriver.exe
11:13:14.098 [Test worker] DEBUG net.thucydides.core.util.PropertiesFileLocalPreferences - chrome.switches=--start-maximized;--test-type;--no-sandbox;--ignore-certificate-errors;\r\n                   --incognito;--disable-popup-blocking;--disable-default-apps;--disable-extensions-file-access-check;\r\n                   --disable-infobars,--disable-gpu;--disable-web-security;--allow-running-insecure-content
11:13:14.098 [Test worker] DEBUG net.thucydides.core.util.PropertiesFileLocalPreferences - drivers.mac.webdriver.chrome.driver=src/test/resources/webdriver/mac/chromedriver
11:13:14.098 [Test worker] DEBUG net.thucydides.core.util.PropertiesFileLocalPreferences - environments.prod.webdriver.base.url=http://wmu1.realpageaim.net
11:13:14.277 [Test worker] DEBUG net.thucydides.core.util.PropertiesFileLocalPreferences - webdriver.driver=chrome
11:13:14.277 [Test worker] DEBUG net.thucydides.core.util.PropertiesFileLocalPreferences - environments.dev.webdriver.base.url=http://wmu1.realpageaim.net
11:13:14.277 [Test worker] DEBUG net.thucydides.core.util.PropertiesFileLocalPreferences - drivers.windows.webdriver.chrome.driver=src/test/resources/webdriver/windows/chromedriver.exe
11:13:14.277 [Test worker] DEBUG net.thucydides.core.util.PropertiesFileLocalPreferences - drivers.linux.webdriver.gecko.driver=src/test/resources/webdriver/linux/geckodriver
11:13:14.277 [Test worker] DEBUG net.thucydides.core.util.PropertiesFileLocalPreferences - environments.staging.webdriver.base.url=http://wmu1.realpageaim.net
11:13:14.278 [Test worker] DEBUG net.thucydides.core.util.PropertiesFileLocalPreferences - environments.default.webdriver.base.url=http://wmu1.realpageaim.net
11:13:14.279 [Test worker] DEBUG net.thucydides.core.util.PropertiesFileLocalPreferences - chrome.capabilities.unexpectedAlertBehaviour=ignore
11:13:14.279 [Test worker] DEBUG net.thucydides.core.util.PropertiesFileLocalPreferences - drivers.linux.webdriver.chrome.driver=src/test/resources/webdriver/linux/chromedriver
11:13:14.279 [Test worker] DEBUG net.thucydides.core.util.PropertiesFileLocalPreferences - drivers.mac.webdriver.gecko.driver=src/test/resources/webdriver/mac/geckodriver
11:13:14.279 [Test worker] DEBUG net.thucydides.core.util.PropertiesFileLocalPreferences - drivers.windows.webdriver.gecko.driver=src/test/resources/webdriver/windows/geckodriver.exe
11:13:14.280 [Test worker] DEBUG net.thucydides.core.util.PropertiesFileLocalPreferences - chrome.switches=--start-maximized;--test-type;--no-sandbox;--ignore-certificate-errors;\r\n                   --incognito;--disable-popup-blocking;--disable-default-apps;--disable-extensions-file-access-check;\r\n                   --disable-infobars,--disable-gpu;--disable-web-security;--allow-running-insecure-content
11:13:14.280 [Test worker] DEBUG net.thucydides.core.util.PropertiesFileLocalPreferences - drivers.mac.webdriver.chrome.driver=src/test/resources/webdriver/mac/chromedriver
11:13:14.280 [Test worker] DEBUG net.thucydides.core.util.PropertiesFileLocalPreferences - environments.prod.webdriver.base.url=http://wmu1.realpageaim.net
11:13:14.287 [Test worker] INFO  - 

-------------------------------------------------------------------------------------
     _______. _______ .______       _______ .__   __.  __  .___________.____    ____ 
    /       ||   ____||   _  \     |   ____||  \ |  | |  | |           |\   \  /   / 
   |   (----`|  |__   |  |_)  |    |  |__   |   \|  | |  | `---|  |----` \   \/   /  
    \   \    |   __|  |      /     |   __|  |  . `  | |  |     |  |       \_    _/   
.----)   |   |  |____ |  |\  \----.|  |____ |  |\   | |  |     |  |         |  |     
|_______/    |_______|| _| `._____||_______||__| \__| |__|     |__|         |__|    
                                                                                     
 News and tutorials at http://www.serenity-bdd.info                                  
 Documentation at https://wakaleo.gitbooks.io/the-serenity-book/content/             
 Join the Serenity Community on Gitter: https://gitter.im/serenity-bdd/serenity-core 
 Serenity BDD Support and Training at http://serenity-bdd.info/#/trainingandsupport  
 Learn Serenity BDD online at https://www.serenitydojo.net                           
-------------------------------------------------------------------------------------

11:13:14.291 [Test worker] DEBUG net.thucydides.core.steps.StepEventBus - Test suite started for story net.thucydides.core.model.Story@e6f768b0
11:13:14.294 [Test worker] INFO  - Test Suite Started: User can log in account
11:13:41.117 [Test worker] INFO  - 
          __  _____ _____ ____ _____   ____  _____ _   _ ____ ___ _   _  ____ 
 _       / / |_   _| ____/ ___|_   _| |  _ \| ____| \ | |  _ \_ _| \ | |/ ___|
(_)____ / /    | | |  _| \___ \ | |   | |_) |  _| |  \| | | | | ||  \| | |  _ 
 |_____/ /     | | | |___ ___) || |   |  __/| |___| |\  | |_| | || |\  | |_| |
(_)   /_/      |_| |_____|____/ |_|   |_|   |_____|_| \_|____/___|_| \_|\____|

User can log in account
-------------------------------------------------------------------------------

There were undefined steps. You can implement missing steps with the snippets below:

@Then("the user is successfully logged in")
public void the_user_is_successfully_logged_in() {
    // Write code here that turns the phrase above into concrete actions
    throw new cucumber.api.PendingException();
}

11:13:41.122 [Test worker] DEBUG net.thucydides.core.reports.ReportService - Reporting formats: [JSON, HTML]
11:13:41.241 [Test worker] DEBUG net.thucydides.core.reports.ReportService - Reporting formats: [JSON, HTML]
11:13:41.261 [Test worker] DEBUG net.thucydides.core.reports.ReportService - Generating reports for 1 test outcomes using: net.thucydides.core.reports.json.JSONTestOutcomeReporter@39c47bd0
11:13:41.263 [pool-1-thread-1] DEBUG net.thucydides.core.reports.ReportService - Processing test outcome User can log in account:User can log in account
11:13:41.263 [pool-1-thread-1] DEBUG net.thucydides.core.reports.ReportService - net.thucydides.core.reports.json.JSONTestOutcomeReporter@39c47bd0: Generating report for test outcome: User can log in account:User can log in account
11:13:41.269 [pool-1-thread-1] DEBUG net.thucydides.core.reports.json.JSONTestOutcomeReporter - Generating JSON report for User can log in account to file C:\Users\Dmeza\Desktop\AIM\target\site\serenity\07bdd8100e5b6d371bc5f8eab23cf08d8cf954e25d6a91829edf3390f9d6471a.json (using temp file C:\Users\Dmeza\Desktop\AIM\target\site\serenity\07bdd8100e5b6d371bc5f8eab23cf08d8cf954e25d6a91829edf3390f9d6471a.json2b2851c3-9f40-45aa-859a-ecbddefe3582)
11:13:41.306 [pool-1-thread-1] DEBUG net.thucydides.core.reports.ReportService - Processing test outcome User can log in account:User can log in account done
11:13:41.306 [Test worker] DEBUG net.thucydides.core.reports.ReportService - Shutting down executor service
11:13:41.307 [Test worker] DEBUG net.thucydides.core.reports.ReportService - Reports generated in: 46 ms
11:13:41.307 [Test worker] DEBUG net.thucydides.core.reports.ReportService - Generating reports for 1 test outcomes using: net.thucydides.core.reports.html.HtmlAcceptanceTestReporter@7993e295
11:13:41.307 [pool-2-thread-1] DEBUG net.thucydides.core.reports.ReportService - Processing test outcome User can log in account:User can log in account
11:13:41.307 [pool-2-thread-1] DEBUG net.thucydides.core.reports.ReportService - net.thucydides.core.reports.html.HtmlAcceptanceTestReporter@7993e295: Generating report for test outcome: User can log in account:User can log in account
11:13:41.308 [pool-2-thread-1] DEBUG net.thucydides.core.reports.html.HtmlAcceptanceTestReporter - GENERATE TEST OUTCOME REPORT FOR User can log in account in 07bdd8100e5b6d371bc5f8eab23cf08d8cf954e25d6a91829edf3390f9d6471a
11:13:41.336 [pool-2-thread-1] DEBUG net.thucydides.core.requirements.RequirementsTagProvider -  found:[Requirement{name='User can log in account', type='feature' parent = 'null', cardNumber='null'}]
11:13:41.344 [pool-2-thread-1] DEBUG net.thucydides.core.requirements.BaseRequirementsService - Requirement found for test outcome User can log in account-[]: Optional[Requirement{name='User can log in account', type='feature' parent = 'null', cardNumber='null'}]
11:13:41.346 [pool-2-thread-1] DEBUG net.thucydides.core.requirements.BaseRequirementsService - Requirement found for test outcome User can log in account-[]: Optional[Requirement{name='User can log in account', type='feature' parent = 'null', cardNumber='null'}]
11:13:41.416 [pool-2-thread-1] DEBUG net.thucydides.core.requirements.BaseRequirementsService - Requirement found for test outcome User can log in account-[]: Optional[Requirement{name='User can log in account', type='feature' parent = 'null', cardNumber='null'}]
11:13:41.416 [pool-2-thread-1] DEBUG net.thucydides.core.requirements.BaseRequirementsService - Requirement found for test outcome User can log in account-[]: Optional[Requirement{name='User can log in account', type='feature' parent = 'null', cardNumber='null'}]
11:13:41.602 [pool-2-thread-1] DEBUG net.thucydides.core.reports.html.HtmlAcceptanceTestReporter - Generating report in 07bdd8100e5b6d371bc5f8eab23cf08d8cf954e25d6a91829edf3390f9d6471a_screenshots.html
11:13:42.212 [pool-2-thread-1] DEBUG net.thucydides.core.reports.html.HtmlAcceptanceTestReporter - Generated report 07bdd8100e5b6d371bc5f8eab23cf08d8cf954e25d6a91829edf3390f9d6471a_screenshots.html in 610 ms
11:13:42.214 [pool-2-thread-1] DEBUG net.thucydides.core.reports.html.HtmlAcceptanceTestReporter - GENERATING HTML REPORT FOR User can log in account:User can log in account in 07bdd8100e5b6d371bc5f8eab23cf08d8cf954e25d6a91829edf3390f9d6471a.html in directory C:\Users\Dmeza\Desktop\AIM\target\site\serenity  
11:13:42.818 [pool-2-thread-1] DEBUG net.thucydides.core.reports.html.HtmlAcceptanceTestReporter - Generating report in 07bdd8100e5b6d371bc5f8eab23cf08d8cf954e25d6a91829edf3390f9d6471a.html
11:13:43.015 [pool-2-thread-1] DEBUG net.thucydides.core.reports.html.HtmlAcceptanceTestReporter - Generated report 07bdd8100e5b6d371bc5f8eab23cf08d8cf954e25d6a91829edf3390f9d6471a.html in 197 ms
11:13:43.015 [pool-2-thread-1] DEBUG net.thucydides.core.reports.ReportService - Processing test outcome User can log in account:User can log in account done
11:13:43.015 [Test worker] DEBUG net.thucydides.core.reports.ReportService - Shutting down executor service
11:13:43.016 [Test worker] DEBUG net.thucydides.core.reports.ReportService - Reports generated in: 1709 ms
11:13:43.284 [Test worker] DEBUG net.serenitybdd.core.photography.Darkroom - Closing darkroom
11:13:43.284 [Darkroom Processing Line] DEBUG net.serenitybdd.core.photography.DarkroomProcessingLine - Darkroom processing line shutting down
]]></system-out>
  <system-err><![CDATA[Nov 23, 2020 11:13:14 AM cucumber.runtime.java.ObjectFactoryLoader loadSingleObjectFactory
WARNING: Loading deprecated ObjectFactory from runtime via reflection: cucumber.runtime.SerenityObjectFactory
]]></system-err>
</testsuite>
