<?xml version="1.0" encoding="UTF-8"?>
<testsuite name="starter.CucumberTestSuite" tests="0" skipped="0" failures="0" errors="0" timestamp="1970-01-01T00:00:00" hostname="RPIPL-NB-DL006" time="0.0">
  <properties/>
  <system-out><![CDATA[15:36:25.245 [Test worker] DEBUG net.thucydides.core.util.PropertiesFileLocalPreferences - webdriver.driver=chrome
15:36:25.250 [Test worker] DEBUG net.thucydides.core.util.PropertiesFileLocalPreferences - environments.dev.webdriver.base.url=http://wmu1.realpageaim.net
15:36:25.250 [Test worker] DEBUG net.thucydides.core.util.PropertiesFileLocalPreferences - drivers.windows.webdriver.chrome.driver=src/test/resources/webdriver/windows/chromedriver.exe
15:36:25.251 [Test worker] DEBUG net.thucydides.core.util.PropertiesFileLocalPreferences - drivers.linux.webdriver.gecko.driver=src/test/resources/webdriver/linux/geckodriver
15:36:25.251 [Test worker] DEBUG net.thucydides.core.util.PropertiesFileLocalPreferences - environments.staging.webdriver.base.url=http://wmu1.realpageaim.net
15:36:25.251 [Test worker] DEBUG net.thucydides.core.util.PropertiesFileLocalPreferences - environments.default.webdriver.base.url=http://wmu1.realpageaim.net
15:36:25.251 [Test worker] DEBUG net.thucydides.core.util.PropertiesFileLocalPreferences - chrome.capabilities.unexpectedAlertBehaviour=ignore
15:36:25.251 [Test worker] DEBUG net.thucydides.core.util.PropertiesFileLocalPreferences - drivers.linux.webdriver.chrome.driver=src/test/resources/webdriver/linux/chromedriver
15:36:25.252 [Test worker] DEBUG net.thucydides.core.util.PropertiesFileLocalPreferences - drivers.mac.webdriver.gecko.driver=src/test/resources/webdriver/mac/geckodriver
15:36:25.252 [Test worker] DEBUG net.thucydides.core.util.PropertiesFileLocalPreferences - drivers.windows.webdriver.gecko.driver=src/test/resources/webdriver/windows/geckodriver.exe
15:36:25.252 [Test worker] DEBUG net.thucydides.core.util.PropertiesFileLocalPreferences - chrome.switches=--start-maximized;--test-type;--no-sandbox;--ignore-certificate-errors;\r\n                   --incognito;--disable-popup-blocking;--disable-default-apps;--disable-extensions-file-access-check;\r\n                   --disable-infobars,--disable-gpu;--disable-web-security;--allow-running-insecure-content
15:36:25.253 [Test worker] DEBUG net.thucydides.core.util.PropertiesFileLocalPreferences - drivers.mac.webdriver.chrome.driver=src/test/resources/webdriver/mac/chromedriver
15:36:25.253 [Test worker] DEBUG net.thucydides.core.util.PropertiesFileLocalPreferences - environments.prod.webdriver.base.url=http://wmu1.realpageaim.net
15:36:25.616 [Test worker] DEBUG net.thucydides.core.util.PropertiesFileLocalPreferences - webdriver.driver=chrome
15:36:25.616 [Test worker] DEBUG net.thucydides.core.util.PropertiesFileLocalPreferences - environments.dev.webdriver.base.url=http://wmu1.realpageaim.net
15:36:25.616 [Test worker] DEBUG net.thucydides.core.util.PropertiesFileLocalPreferences - drivers.windows.webdriver.chrome.driver=src/test/resources/webdriver/windows/chromedriver.exe
15:36:25.616 [Test worker] DEBUG net.thucydides.core.util.PropertiesFileLocalPreferences - drivers.linux.webdriver.gecko.driver=src/test/resources/webdriver/linux/geckodriver
15:36:25.616 [Test worker] DEBUG net.thucydides.core.util.PropertiesFileLocalPreferences - environments.staging.webdriver.base.url=http://wmu1.realpageaim.net
15:36:25.616 [Test worker] DEBUG net.thucydides.core.util.PropertiesFileLocalPreferences - environments.default.webdriver.base.url=http://wmu1.realpageaim.net
15:36:25.616 [Test worker] DEBUG net.thucydides.core.util.PropertiesFileLocalPreferences - chrome.capabilities.unexpectedAlertBehaviour=ignore
15:36:25.616 [Test worker] DEBUG net.thucydides.core.util.PropertiesFileLocalPreferences - drivers.linux.webdriver.chrome.driver=src/test/resources/webdriver/linux/chromedriver
15:36:25.616 [Test worker] DEBUG net.thucydides.core.util.PropertiesFileLocalPreferences - drivers.mac.webdriver.gecko.driver=src/test/resources/webdriver/mac/geckodriver
15:36:25.616 [Test worker] DEBUG net.thucydides.core.util.PropertiesFileLocalPreferences - drivers.windows.webdriver.gecko.driver=src/test/resources/webdriver/windows/geckodriver.exe
15:36:25.616 [Test worker] DEBUG net.thucydides.core.util.PropertiesFileLocalPreferences - chrome.switches=--start-maximized;--test-type;--no-sandbox;--ignore-certificate-errors;\r\n                   --incognito;--disable-popup-blocking;--disable-default-apps;--disable-extensions-file-access-check;\r\n                   --disable-infobars,--disable-gpu;--disable-web-security;--allow-running-insecure-content
15:36:25.616 [Test worker] DEBUG net.thucydides.core.util.PropertiesFileLocalPreferences - drivers.mac.webdriver.chrome.driver=src/test/resources/webdriver/mac/chromedriver
15:36:25.616 [Test worker] DEBUG net.thucydides.core.util.PropertiesFileLocalPreferences - environments.prod.webdriver.base.url=http://wmu1.realpageaim.net
15:36:25.632 [Test worker] INFO  - 

-------------------------------------------------------------------------------------
     _______. _______ .______       _______ .__   __.  __  .___________.____    ____ 
    /       ||   ____||   _  \     |   ____||  \ |  | |  | |           |\   \  /   / 
   |   (----`|  |__   |  |_)  |    |  |__   |   \|  | |  | `---|  |----` \   \/   /  
    \   \    |   __|  |      /     |   __|  |  . `  | |  |     |  |       \_    _/   
.----)   |   |  |____ |  |\  \----.|  |____ |  |\   | |  |     |  |         |  |     
|_______/    |_______|| _| `._____||_______||__| \__| |__|     |__|         |__|    
                                                                                     
 News and tutorials at http://www.serenity-bdd.info                                  
 Documentation at https://wakaleo.gitbooks.io/the-serenity-book/content/             
 Join the Serenity Community on Gitter: https://gitter.im/serenity-bdd/serenity-core 
 Serenity BDD Support and Training at http://serenity-bdd.info/#/trainingandsupport  
 Learn Serenity BDD online at https://www.serenitydojo.net                           
-------------------------------------------------------------------------------------

15:36:25.636 [Test worker] DEBUG net.thucydides.core.steps.StepEventBus - Test suite started for story net.thucydides.core.model.Story@e1eec78a
15:36:25.641 [Test worker] INFO  - Test Suite Started: User can log in account
15:36:25.678 [Test worker] DEBUG net.thucydides.core.steps.StepEventBus - Test suite started for story net.thucydides.core.model.Story@735a960c
15:36:25.679 [Test worker] INFO  - Test Suite Started: User can select a property
15:36:25.986 [Test worker] DEBUG net.thucydides.core.reports.ReportService - Reporting formats: [JSON, HTML]
15:36:26.123 [Test worker] DEBUG net.thucydides.core.reports.ReportService - Reporting formats: [JSON, HTML]
15:36:26.157 [Test worker] DEBUG net.thucydides.core.reports.ReportService - Generating reports for 0 test outcomes using: net.thucydides.core.reports.json.JSONTestOutcomeReporter@16b4808
15:36:26.158 [Test worker] DEBUG net.thucydides.core.reports.ReportService - Shutting down executor service
15:36:26.158 [Test worker] DEBUG net.thucydides.core.reports.ReportService - Reports generated in: 1 ms
15:36:26.158 [Test worker] DEBUG net.thucydides.core.reports.ReportService - Generating reports for 0 test outcomes using: net.thucydides.core.reports.html.HtmlAcceptanceTestReporter@7d9779
15:36:26.158 [Test worker] DEBUG net.thucydides.core.reports.ReportService - Shutting down executor service
15:36:26.158 [Test worker] DEBUG net.thucydides.core.reports.ReportService - Reports generated in: 0 ms
]]></system-out>
  <system-err><![CDATA[Nov 26, 2020 3:36:25 PM cucumber.runtime.java.ObjectFactoryLoader loadSingleObjectFactory
WARNING: Loading deprecated ObjectFactory from runtime via reflection: cucumber.runtime.SerenityObjectFactory
]]></system-err>
</testsuite>
