<?xml version="1.0" encoding="UTF-8"?>
<testsuite name="User can log in account" tests="1" skipped="1" failures="0" errors="0" timestamp="2020-11-23T16:13:14" hostname="DESKTOP-7658FGJ" time="25.803">
  <properties/>
  <testcase name="User can log in account" classname="User can log in account" time="25.803">
    <skipped/>
  </testcase>
  <system-out><![CDATA[Feature: User can log in account

  @login
  Scenario: User can log in account         ?[90m# src/test/resources/features/Login.feature:3?[0m
11:13:14.503 [Test worker] INFO  - 
 _____ _____ ____ _____   ____ _____  _    ____ _____ _____ ____  
|_   _| ____/ ___|_   _| / ___|_   _|/ \  |  _ \_   _| ____|  _ \ 
  | | |  _| \___ \ | |   \___ \ | | / _ \ | |_) || | |  _| | | | |
  | | | |___ ___) || |    ___) || |/ ___ \|  _ < | | | |___| |_| |
  |_| |_____|____/ |_|   |____/ |_/_/   \_\_| \_\|_| |_____|____/ 

User can log in account(user-can-log-in-account;user-can-log-in-account)
-------------------------------------------------------------------
11:13:15.178 [Test worker] DEBUG net.thucydides.core.steps.StepInterceptor - STARTING STEP: LoginStepDefinitions.the_User_is_on_page_WMU - !#title
11:13:15.180 [Test worker] DEBUG net.thucydides.core.steps.StepInterceptor - STARTING STEP: LoginStepDefinitions.the_User_is_on_page_WMU - {0} opens the #targetPageName
11:13:15.701 [Test worker] INFO net.serenitybdd.core.webdriver.driverproviders.ProvideNewDriver - Instantiating driver
11:13:15.701 [Test worker] INFO net.serenitybdd.core.webdriver.driverproviders.ProvideNewDriver - Driver capabilities: Capabilities {acceptInsecureCerts: false, browserName: chrome, chrome.switches: --start-maximized;--test-ty..., goog:chromeOptions: {args: [--start-maximized, --test-type, --no-sandbox, --ignore-certificate-errors..., --incognito, --disable-popup-blocking, --disable-default-apps, --disable-extensions-file-a..., --disable-infobars, --disable-gpu, --disable-web-security, --allow-running-insecure-co...], extensions: []}, loggingPrefs: org.openqa.selenium.logging..., platform: ANY, unexpectedAlertBehaviour: ignore, unhandledPromptBehavior: ignore, version: }
11:13:37.263 [Test worker] DEBUG net.serenitybdd.core.photography.Darkroom - Opening darkroom
11:13:37.264 [Darkroom Processing Line] DEBUG net.serenitybdd.core.photography.DarkroomProcessingLine - Darkroom processing line starting up
11:13:37.685 [Test worker] DEBUG net.serenitybdd.core.photography.Darkroom - Send negative for processing for C:\Users\Dmeza\Desktop\AIM\target\site\serenity\8a1b89610da5e56a9515821d2f9dd6166f083db2dca02c8028a087d22385ce2a.png
11:13:37.686 [Darkroom Processing Line] DEBUG net.serenitybdd.core.photography.DarkroomProcessingLine - Processing screenshot image in /var/screenshots/screenshot-1119280109330249144
11:13:37.686 [Darkroom Processing Line] DEBUG net.serenitybdd.core.photography.DarkroomProcessingLine - Saving screenshot to C:\Users\Dmeza\Desktop\AIM\target\site\serenity\8a1b89610da5e56a9515821d2f9dd6166f083db2dca02c8028a087d22385ce2a.png
11:13:37.690 [Test worker] DEBUG net.thucydides.core.steps.StepInterceptor - STEP DONE: {0} opens the #targetPageName
11:13:37.721 [Test worker] DEBUG net.thucydides.core.steps.StepInterceptor - STEP DONE: !#title
    ?[32mGiven ?[0m?[32mthe ?[0m?[32m?[1mUser?[0m?[32m is on page WMU?[0m           ?[90m# LoginStepDefinitions.the_User_is_on_page_WMU(String)?[0m
11:13:38.013 [Test worker] DEBUG net.serenitybdd.core.photography.Darkroom - Send negative for processing for C:\Users\Dmeza\Desktop\AIM\target\site\serenity\cd67b4b598c4d931dcefcd7cee7af1a9248716cf3199bdb82dacc3f37711fd79.png
11:13:38.015 [Darkroom Processing Line] DEBUG net.serenitybdd.core.photography.DarkroomProcessingLine - Processing screenshot image in /var/screenshots/screenshot-1868704969636957921
11:13:38.015 [Darkroom Processing Line] DEBUG net.serenitybdd.core.photography.DarkroomProcessingLine - Saving screenshot to C:\Users\Dmeza\Desktop\AIM\target\site\serenity\cd67b4b598c4d931dcefcd7cee7af1a9248716cf3199bdb82dacc3f37711fd79.png
11:13:38.379 [Test worker] DEBUG net.serenitybdd.core.photography.Darkroom - Send negative for processing for C:\Users\Dmeza\Desktop\AIM\target\site\serenity\8a1b89610da5e56a9515821d2f9dd6166f083db2dca02c8028a087d22385ce2a.png
11:13:38.380 [Test worker] DEBUG net.thucydides.core.steps.StepInterceptor - STARTING STEP: Credentials.performAs - {0} enters #theTextAsAString into #locatorNames
11:13:38.792 [Test worker] DEBUG net.serenitybdd.core.photography.Darkroom - Send negative for processing for C:\Users\Dmeza\Desktop\AIM\target\site\serenity\eba03db724fabaea2580b4a65fee0fcd355c71f19a55c1f3cdd3b8956073adcb.png
11:13:38.793 [Darkroom Processing Line] DEBUG net.serenitybdd.core.photography.DarkroomProcessingLine - Processing screenshot image in /var/screenshots/screenshot-276518179611497242
11:13:38.793 [Darkroom Processing Line] DEBUG net.serenitybdd.core.photography.DarkroomProcessingLine - Saving screenshot to C:\Users\Dmeza\Desktop\AIM\target\site\serenity\eba03db724fabaea2580b4a65fee0fcd355c71f19a55c1f3cdd3b8956073adcb.png
11:13:38.794 [Test worker] DEBUG net.thucydides.core.steps.StepInterceptor - STEP DONE: {0} enters #theTextAsAString into #locatorNames
11:13:38.806 [Test worker] DEBUG net.thucydides.core.steps.StepInterceptor - STARTING STEP: Credentials.performAs - {0} enters #theTextAsAString into #locatorNames
11:13:39.179 [Test worker] DEBUG net.serenitybdd.core.photography.Darkroom - Send negative for processing for C:\Users\Dmeza\Desktop\AIM\target\site\serenity\beefebbde15a02528a8e7ce4943a808f2c975faa5eca1e4e5dadacd15b19327d.png
11:13:39.180 [Test worker] DEBUG net.thucydides.core.steps.StepInterceptor - STEP DONE: {0} enters #theTextAsAString into #locatorNames
11:13:39.180 [Darkroom Processing Line] DEBUG net.serenitybdd.core.photography.DarkroomProcessingLine - Processing screenshot image in /var/screenshots/screenshot-5991736659922472668
11:13:39.180 [Darkroom Processing Line] DEBUG net.serenitybdd.core.photography.DarkroomProcessingLine - Saving screenshot to C:\Users\Dmeza\Desktop\AIM\target\site\serenity\beefebbde15a02528a8e7ce4943a808f2c975faa5eca1e4e5dadacd15b19327d.png
11:13:39.197 [Test worker] DEBUG net.thucydides.core.steps.StepInterceptor - STARTING STEP: Credentials.performAs - {0} clicks on #locators
11:13:40.261 [Test worker] DEBUG net.serenitybdd.core.photography.Darkroom - Send negative for processing for C:\Users\Dmeza\Desktop\AIM\target\site\serenity\49e99c1a0b6b1a86388a36d5fc4504b3c2ac770ad5df95a4d48c2999d2dc560b.png
11:13:40.261 [Test worker] DEBUG net.thucydides.core.steps.StepInterceptor - STEP DONE: {0} clicks on #locators
11:13:40.261 [Darkroom Processing Line] DEBUG net.serenitybdd.core.photography.DarkroomProcessingLine - Processing screenshot image in /var/screenshots/screenshot-2261078641126274522
11:13:40.261 [Darkroom Processing Line] DEBUG net.serenitybdd.core.photography.DarkroomProcessingLine - Saving screenshot to C:\Users\Dmeza\Desktop\AIM\target\site\serenity\49e99c1a0b6b1a86388a36d5fc4504b3c2ac770ad5df95a4d48c2999d2dc560b.png
    ?[32mWhen ?[0m?[32menters the credentials?[0m             ?[90m# LoginStepDefinitions.enters_the_credentials(String>)?[0m
    ?[33mThen ?[0m?[33mthe user is successfully logged in?[0m ?[90m# null?[0m
]]></system-out>
  <system-err><![CDATA[Nov 23, 2020 11:13:15 AM org.openqa.selenium.remote.DesiredCapabilities chrome
INFO: Using `new ChromeOptions()` is preferred to `DesiredCapabilities.chrome()`
Starting ChromeDriver 86.0.4240.22 (398b0743353ff36fb1b82468f63a3a93b4e2e89e-refs/branch-heads/4240@{#378}) on port 35067
Only local connections are allowed.
Please see https://chromedriver.chromium.org/security-considerations for suggestions on keeping ChromeDriver safe.
ChromeDriver was started successfully.
[1606147997.462][WARNING]: This version of ChromeDriver has not been tested with Chrome version 87.
Nov 23, 2020 11:13:17 AM org.openqa.selenium.remote.ProtocolHandshake createSession
INFO: Detected dialect: W3C
]]></system-err>
</testsuite>
